2023-08-04 11:41:50,585 - INFO - Log File created Sucessfully
2023-08-04 11:51:43,426 - INFO - Log File created Successfully
2023-08-04 11:57:04,489 - INFO - Log File created Successfully
2023-08-04 13:00:05,480 - INFO - Log File created Successfully
2023-08-09 23:17:54,239 - INFO - Log File created Successfully
2023-08-10 00:12:33,196 - INFO - Log File created Successfully
2023-08-10 00:13:22,653 - INFO - Log File created Successfully
2023-08-10 00:13:22,653 - INFO - Module created successfully
2023-08-10 00:24:17,469 - INFO - Log File created Successfully
2023-08-10 00:24:32,542 - INFO - Log File created Successfully
2023-08-10 00:24:33,700 - INFO - Got weather data from the API
2023-08-10 00:46:46,955 - INFO - Log File created Successfully
2023-08-10 00:46:48,039 - INFO - Got weather data from the API
2023-08-10 00:47:28,168 - INFO - Log File created Successfully
2023-08-10 00:47:29,264 - INFO - Got weather data from the API
2023-08-10 00:55:10,049 - INFO - Log File created Successfully
2023-08-10 00:55:27,277 - INFO - Log File created Successfully
2023-08-10 00:55:29,666 - INFO - Log File created Successfully
2023-08-10 01:09:01,121 - INFO - Log File created Successfully
2023-08-10 01:09:01,342 - INFO - Log File created Successfully
2023-08-10 01:11:58,640 - INFO - Log File created Successfully
2023-08-10 01:11:58,882 - INFO - Log File created Successfully
2023-08-10 01:12:00,692 - INFO - Got weather data from the API
2023-08-10 01:12:01,087 - INFO - Weather data saved to MongoDB.
2023-08-10 01:15:31,251 - INFO - Log File created Successfully
2023-08-10 01:15:41,273 - INFO - Log File created Successfully
2023-08-10 01:19:27,639 - INFO - Log File created Successfully
2023-08-10 01:19:41,994 - INFO - Log File created Successfully
2023-08-10 01:19:42,198 - INFO - Log File created Successfully
2023-08-10 01:19:43,844 - INFO - Got weather data from the API
2023-08-10 01:22:54,397 - INFO - Log File created Successfully
2023-08-10 01:23:03,130 - INFO - Log File created Successfully
2023-08-10 01:23:03,369 - INFO - Log File created Successfully
2023-08-10 01:23:05,272 - INFO - Got weather data from the API
2023-08-10 01:42:26,848 - INFO - Log File created Successfully
2023-08-10 01:42:27,135 - INFO - Log File created Successfully
2023-08-10 01:42:29,232 - INFO - Got weather data from the API
2023-08-10 01:48:51,399 - INFO - Log File created Successfully
2023-08-10 01:49:03,174 - INFO - Log File created Successfully
2023-08-10 01:49:03,400 - INFO - Log File created Successfully
2023-08-10 01:49:05,354 - INFO - Got weather data from the API
2023-08-10 01:49:05,367 - INFO - Weather data saved to MongoDB.
2023-08-10 11:04:56,467 - INFO - Log File created Successfully
2023-08-10 11:05:17,797 - INFO - Log File created Successfully
2023-08-10 11:05:18,047 - INFO - Log File created Successfully
2023-08-10 12:13:00,666 - INFO - Log File created Successfully
2023-08-10 12:13:00,813 - INFO - Log File created Successfully
2023-08-10 12:14:14,505 - INFO - Log File created Successfully
2023-08-10 12:14:14,643 - INFO - Log File created Successfully
2023-08-10 12:14:16,390 - INFO - Got weather data from the API
2023-08-10 12:19:51,340 - INFO - Log File created Successfully
2023-08-10 12:19:51,483 - INFO - Log File created Successfully
2023-08-10 12:19:53,367 - INFO - Got weather data from the API
2023-08-10 12:20:18,937 - INFO - Log File created Successfully
2023-08-10 12:20:19,092 - INFO - Log File created Successfully
2023-08-10 12:20:20,539 - INFO - Got weather data from the API
2023-08-10 12:20:38,497 - INFO - Log File created Successfully
2023-08-10 12:20:38,645 - INFO - Log File created Successfully
2023-08-10 12:20:40,554 - INFO - Got weather data from the API
2023-08-10 12:20:40,569 - INFO - Weather data saved to MongoDB.
2023-08-10 13:32:48,023 - INFO - Log File created Successfully
2023-08-10 13:32:57,441 - INFO - Log File created Successfully
2023-08-10 13:32:57,702 - INFO - Log File created Successfully
2023-08-10 13:33:51,710 - INFO - Log File created Successfully
2023-08-10 13:33:51,927 - INFO - Log File created Successfully
2023-08-10 13:34:57,237 - INFO - Log File created Successfully
2023-08-10 13:34:57,441 - INFO - Log File created Successfully
2023-08-10 13:35:22,664 - INFO - Log File created Successfully
2023-08-10 13:35:22,864 - INFO - Log File created Successfully
2023-08-10 14:40:02,765 - INFO - Log File created Successfully
2023-08-10 14:40:02,969 - INFO - Log File created Successfully
2023-08-10 14:40:03,125 - INFO - An error occurred while processing weather data.
2023-08-10 14:44:03,581 - INFO - Log File created Successfully
2023-08-10 14:44:11,026 - INFO - Log File created Successfully
2023-08-10 14:44:11,168 - INFO - Log File created Successfully
2023-08-10 14:44:11,355 - INFO - An error occurred while processing weather data.
2023-08-10 14:47:38,693 - INFO - Log File created Successfully
2023-08-10 14:47:44,272 - INFO - Log File created Successfully
2023-08-10 14:47:44,428 - INFO - Log File created Successfully
2023-08-10 14:47:44,598 - INFO - An error occurred while processing weather data.
2023-08-10 14:49:32,113 - INFO - Log File created Successfully
2023-08-10 14:49:37,010 - INFO - Log File created Successfully
2023-08-10 14:49:37,160 - INFO - Log File created Successfully
2023-08-10 14:49:37,488 - INFO - An error occurred while processing weather data.
2023-08-10 14:50:20,897 - INFO - Log File created Successfully
2023-08-10 14:50:24,967 - INFO - Log File created Successfully
2023-08-10 14:50:25,127 - INFO - Log File created Successfully
2023-08-10 14:50:31,222 - INFO - Got weather data from the API
2023-08-10 14:50:31,245 - INFO - Weather data saved to MongoDB.
2023-08-10 15:04:45,982 - INFO - Log File created Successfully
2023-08-10 15:04:50,569 - INFO - Log File created Successfully
2023-08-10 15:04:50,725 - INFO - Log File created Successfully
2023-08-10 15:04:52,137 - INFO - Got weather data from the API
2023-08-10 15:04:52,365 - INFO - Weather data saved to MongoDB.
2023-08-10 15:27:49,783 - INFO - Log File created Successfully
2023-08-10 15:27:54,997 - INFO - Log File created Successfully
2023-08-10 15:27:55,157 - INFO - Log File created Successfully
2023-08-10 15:27:56,598 - INFO - Got weather data from the API
2023-08-10 15:27:56,852 - INFO - Weather data saved to MongoDB.
2023-08-10 15:27:56,852 - INFO - An error occurred while processing weather data.
2023-08-10 15:52:27,589 - INFO - Log File created Successfully
2023-08-10 15:52:27,739 - INFO - Log File created Successfully
2023-08-10 15:52:29,059 - INFO - Got weather data from the API
2023-08-10 15:52:29,325 - INFO - Weather data saved to MongoDB.
2023-08-10 15:52:29,325 - INFO - An error occurred while processing weather data.
2023-08-10 15:52:39,466 - INFO - Log File created Successfully
2023-08-10 15:52:44,528 - INFO - Log File created Successfully
2023-08-10 15:52:44,695 - INFO - Log File created Successfully
2023-08-10 15:52:46,358 - INFO - Got weather data from the API
2023-08-10 15:52:46,641 - INFO - Weather data saved to MongoDB.
2023-08-10 15:52:46,642 - INFO - An error occurred while processing weather data.
2023-08-10 15:54:12,943 - INFO - Log File created Successfully
2023-08-10 15:54:17,930 - INFO - Log File created Successfully
2023-08-10 15:54:18,080 - INFO - Log File created Successfully
2023-08-10 15:54:27,241 - INFO - Got weather data from the API
2023-08-10 15:54:27,669 - INFO - Weather data saved to MongoDB.
2023-08-10 15:54:27,669 - INFO - An error occurred while processing weather data.
2023-08-10 15:58:21,245 - INFO - Log File created Successfully
2023-08-10 15:58:33,745 - INFO - Log File created Successfully
2023-08-10 15:58:33,856 - INFO - Log File created Successfully
2023-08-10 15:58:35,172 - INFO - Got weather data from the API
2023-08-10 15:58:35,439 - INFO - Weather data saved to MongoDB.
2023-08-10 15:58:35,442 - INFO - Weather Data saved as json format
2023-08-10 19:51:14,062 - INFO - Log File created Successfully
2023-08-10 19:51:14,193 - INFO - Log File created Successfully
2023-08-10 19:51:15,771 - INFO - Got weather data from the API
2023-08-10 19:51:16,023 - INFO - Weather data saved to MongoDB.
2023-08-10 19:51:16,023 - INFO - Weather Data saved as json format
2023-08-10 22:53:09,275 - INFO - Log File created Successfully
2023-08-10 22:53:09,478 - INFO - Log File created Successfully
2023-08-10 22:53:10,983 - INFO - Got weather data from the API
2023-08-10 22:53:11,261 - INFO - Weather data saved to MongoDB.
2023-08-10 22:53:11,267 - INFO - Weather Data saved as json format
2023-08-11 16:09:42,852 - INFO - Log File created Successfully
2023-08-11 16:10:01,539 - INFO - Log File created Successfully
2023-08-11 16:10:01,741 - INFO - Log File created Successfully
2023-08-11 16:10:04,665 - INFO - Got weather data from the API
2023-08-11 16:10:05,540 - INFO - Weather data saved to MongoDB.
2023-08-11 16:10:05,860 - INFO - Weather Data saved as json format
2023-08-14 19:41:05,232 - INFO - Log File created Successfully
2023-08-14 19:41:05,235 - INFO - Data Ingestion Method Starts
2023-08-14 19:41:05,236 - INFO - Error Occured at DataIngestion stage
2023-08-14 19:42:40,659 - INFO - Log File created Successfully
2023-08-14 19:42:40,667 - INFO - Data Ingestion Method Starts
2023-08-14 19:42:40,668 - INFO - Error Occured at DataIngestion stage
2023-08-14 19:50:45,413 - INFO - Log File created Successfully
2023-08-14 19:50:45,413 - INFO - Data Ingestion Method Starts
2023-08-14 19:50:45,461 - INFO - Extracted Hourly datas from the json file
2023-08-14 19:50:45,503 - INFO - Dataset read as Pandas Dataframe
2023-08-14 19:50:45,565 - INFO - Raw Data Saved as JSON file
2023-08-14 19:50:45,565 - INFO - Train Test Split
2023-08-14 19:50:45,565 - INFO - Error Occured at DataIngestion stage
2023-08-14 19:51:14,002 - INFO - Log File created Successfully
2023-08-14 19:51:14,003 - INFO - Data Ingestion Method Starts
2023-08-14 19:51:14,020 - INFO - Extracted Hourly datas from the json file
2023-08-14 19:51:14,037 - INFO - Dataset read as Pandas Dataframe
2023-08-14 19:51:14,100 - INFO - Raw Data Saved as JSON file
2023-08-14 19:51:14,100 - INFO - Train Test Split
2023-08-14 19:51:14,203 - INFO - DataIngestion completed
2023-08-14 21:36:43,693 - INFO - Log File created Successfully
2023-08-14 21:36:43,693 - INFO - Data Ingestion Method Starts
2023-08-14 21:36:43,740 - INFO - Extracted Hourly datas from the json file
2023-08-14 21:36:43,755 - INFO - Dataset read as Pandas Dataframe
2023-08-14 21:36:43,802 - INFO - Raw Data Saved as JSON file
2023-08-14 21:36:43,802 - INFO - Train Test Split
2023-08-14 21:36:43,802 - INFO - Error Occured at DataIngestion stage
2023-08-14 21:38:07,622 - INFO - Log File created Successfully
2023-08-14 21:38:07,622 - INFO - Data Ingestion Method Starts
2023-08-14 21:38:07,669 - INFO - Extracted Hourly datas from the json file
2023-08-14 21:38:07,700 - INFO - Dataset read as Pandas Dataframe
2023-08-14 21:38:07,731 - INFO - Raw Data Saved as JSON file
2023-08-14 21:38:07,731 - INFO - Train Test Split
2023-08-14 21:38:07,840 - INFO - DataIngestion completed
2023-08-14 21:38:07,872 - INFO - Read train and test data completed
2023-08-14 21:38:07,872 - INFO - Train data head: 
   Unnamed: 0              time  temperature_2m  relativehumidity_2m  precipitation  weathercode  cloudcover  windspeed_10m  winddirection_10m
0           0  2022-01-01T00:00            11.8                 82.0            0.0          0.0        17.0           11.5               51.0
1           1  2022-01-01T01:00            11.6                 83.0            0.0          0.0        13.0           11.5               49.0
2           2  2022-01-01T02:00            11.6                 84.0            0.0          0.0         7.0           11.2               50.0
3           3  2022-01-01T03:00            14.2                 76.0            0.0          0.0         2.0           10.7               45.0
4           4  2022-01-01T04:00            17.1                 66.0            0.0          0.0         1.0            9.6               34.0
2023-08-14 21:38:07,872 - INFO - Test data head: 
   Unnamed: 0              time  temperature_2m  relativehumidity_2m  precipitation  weathercode  cloudcover  windspeed_10m  winddirection_10m
0       11174  2023-04-11T14:00            29.7                 27.0            0.0          0.0        10.0            8.4              320.0
1       11175  2023-04-11T15:00            28.2                 30.0            0.0          0.0         7.0            8.4              313.0
2       11176  2023-04-11T16:00            27.0                 33.0            0.0          0.0         3.0            7.5              325.0
3       11177  2023-04-11T17:00            25.9                 36.0            0.0          0.0         1.0            6.8              335.0
4       11178  2023-04-11T18:00            25.1                 38.0            0.0          0.0         0.0            6.5              341.0
2023-08-14 21:38:07,872 - INFO - Error occured at the DataTransformation stage
2023-08-14 21:39:54,053 - INFO - Log File created Successfully
2023-08-14 21:39:54,053 - INFO - Data Ingestion Method Starts
2023-08-14 21:39:54,084 - INFO - Extracted Hourly datas from the json file
2023-08-14 21:39:54,100 - INFO - Dataset read as Pandas Dataframe
2023-08-14 21:39:54,131 - INFO - Raw Data Saved as JSON file
2023-08-14 21:39:54,131 - INFO - Train Test Split
2023-08-14 21:39:54,242 - INFO - DataIngestion completed
2023-08-14 21:39:54,273 - INFO - Read train and test data completed
2023-08-14 21:39:54,273 - INFO - Train data head: 
   Unnamed: 0              time  temperature_2m  relativehumidity_2m  precipitation  weathercode  cloudcover  windspeed_10m  winddirection_10m
0           0  2022-01-01T00:00            11.8                 82.0            0.0          0.0        17.0           11.5               51.0
1           1  2022-01-01T01:00            11.6                 83.0            0.0          0.0        13.0           11.5               49.0
2           2  2022-01-01T02:00            11.6                 84.0            0.0          0.0         7.0           11.2               50.0
3           3  2022-01-01T03:00            14.2                 76.0            0.0          0.0         2.0           10.7               45.0
4           4  2022-01-01T04:00            17.1                 66.0            0.0          0.0         1.0            9.6               34.0
2023-08-14 21:39:54,273 - INFO - Test data head: 
   Unnamed: 0              time  temperature_2m  relativehumidity_2m  precipitation  weathercode  cloudcover  windspeed_10m  winddirection_10m
0       11174  2023-04-11T14:00            29.7                 27.0            0.0          0.0        10.0            8.4              320.0
1       11175  2023-04-11T15:00            28.2                 30.0            0.0          0.0         7.0            8.4              313.0
2       11176  2023-04-11T16:00            27.0                 33.0            0.0          0.0         3.0            7.5              325.0
3       11177  2023-04-11T17:00            25.9                 36.0            0.0          0.0         1.0            6.8              335.0
4       11178  2023-04-11T18:00            25.1                 38.0            0.0          0.0         0.0            6.5              341.0
2023-08-14 21:39:54,308 - INFO - Error occured at the DataTransformation stage
2023-08-14 21:41:48,660 - INFO - Log File created Successfully
2023-08-14 21:41:48,660 - INFO - Data Ingestion Method Starts
2023-08-14 21:41:48,691 - INFO - Extracted Hourly datas from the json file
2023-08-14 21:41:48,723 - INFO - Dataset read as Pandas Dataframe
2023-08-14 21:41:48,754 - INFO - Raw Data Saved as JSON file
2023-08-14 21:41:48,754 - INFO - Train Test Split
2023-08-14 21:41:48,848 - INFO - DataIngestion completed
2023-08-14 21:41:48,879 - INFO - Read train and test data completed
2023-08-14 21:41:48,879 - INFO - Train data head: 
   Unnamed: 0              time  temperature_2m  relativehumidity_2m  precipitation  weathercode  cloudcover  windspeed_10m  winddirection_10m
0           0  2022-01-01T00:00            11.8                 82.0            0.0          0.0        17.0           11.5               51.0
1           1  2022-01-01T01:00            11.6                 83.0            0.0          0.0        13.0           11.5               49.0
2           2  2022-01-01T02:00            11.6                 84.0            0.0          0.0         7.0           11.2               50.0
3           3  2022-01-01T03:00            14.2                 76.0            0.0          0.0         2.0           10.7               45.0
4           4  2022-01-01T04:00            17.1                 66.0            0.0          0.0         1.0            9.6               34.0
2023-08-14 21:41:48,879 - INFO - Test data head: 
   Unnamed: 0              time  temperature_2m  relativehumidity_2m  precipitation  weathercode  cloudcover  windspeed_10m  winddirection_10m
0       11174  2023-04-11T14:00            29.7                 27.0            0.0          0.0        10.0            8.4              320.0
1       11175  2023-04-11T15:00            28.2                 30.0            0.0          0.0         7.0            8.4              313.0
2       11176  2023-04-11T16:00            27.0                 33.0            0.0          0.0         3.0            7.5              325.0
3       11177  2023-04-11T17:00            25.9                 36.0            0.0          0.0         1.0            6.8              335.0
4       11178  2023-04-11T18:00            25.1                 38.0            0.0          0.0         0.0            6.5              341.0
2023-08-14 21:41:48,918 - INFO - Error occured at the DataTransformation stage
2023-08-14 21:45:32,440 - INFO - Log File created Successfully
2023-08-14 21:45:32,440 - INFO - Data Ingestion Method Starts
2023-08-14 21:45:32,471 - INFO - Extracted Hourly datas from the json file
2023-08-14 21:45:32,487 - INFO - Dataset read as Pandas Dataframe
2023-08-14 21:45:32,532 - INFO - Raw Data Saved as JSON file
2023-08-14 21:45:32,532 - INFO - Train Test Split
2023-08-14 21:45:32,645 - INFO - DataIngestion completed
2023-08-14 21:45:32,676 - INFO - Read train and test data completed
2023-08-14 21:45:32,676 - INFO - Train data head: 
   Unnamed: 0              time  temperature_2m  relativehumidity_2m  precipitation  weathercode  cloudcover  windspeed_10m  winddirection_10m
0           0  2022-01-01T00:00            11.8                 82.0            0.0          0.0        17.0           11.5               51.0
1           1  2022-01-01T01:00            11.6                 83.0            0.0          0.0        13.0           11.5               49.0
2           2  2022-01-01T02:00            11.6                 84.0            0.0          0.0         7.0           11.2               50.0
3           3  2022-01-01T03:00            14.2                 76.0            0.0          0.0         2.0           10.7               45.0
4           4  2022-01-01T04:00            17.1                 66.0            0.0          0.0         1.0            9.6               34.0
2023-08-14 21:45:32,676 - INFO - Test data head: 
   Unnamed: 0              time  temperature_2m  relativehumidity_2m  precipitation  weathercode  cloudcover  windspeed_10m  winddirection_10m
0       11174  2023-04-11T14:00            29.7                 27.0            0.0          0.0        10.0            8.4              320.0
1       11175  2023-04-11T15:00            28.2                 30.0            0.0          0.0         7.0            8.4              313.0
2       11176  2023-04-11T16:00            27.0                 33.0            0.0          0.0         3.0            7.5              325.0
3       11177  2023-04-11T17:00            25.9                 36.0            0.0          0.0         1.0            6.8              335.0
4       11178  2023-04-11T18:00            25.1                 38.0            0.0          0.0         0.0            6.5              341.0
2023-08-14 21:45:32,740 - INFO - Error occured at the DataTransformation stage
2023-08-14 22:31:39,771 - INFO - Log File created Successfully
2023-08-14 22:31:39,771 - INFO - Data Ingestion Method Starts
2023-08-14 22:31:39,818 - INFO - Extracted Hourly datas from the json file
2023-08-14 22:31:39,834 - INFO - Dataset read as Pandas Dataframe
2023-08-14 22:31:39,865 - INFO - Raw Data Saved as JSON file
2023-08-14 22:31:39,865 - INFO - Train Test Split
2023-08-14 22:31:39,959 - INFO - DataIngestion completed
2023-08-14 22:31:39,990 - INFO - Read train and test data completed
2023-08-14 22:31:39,990 - INFO - Train data head: 
   Unnamed: 0              time  temperature_2m  relativehumidity_2m  precipitation  weathercode  cloudcover  windspeed_10m  winddirection_10m
0           0  2022-01-01T00:00            11.8                 82.0            0.0          0.0        17.0           11.5               51.0
1           1  2022-01-01T01:00            11.6                 83.0            0.0          0.0        13.0           11.5               49.0
2           2  2022-01-01T02:00            11.6                 84.0            0.0          0.0         7.0           11.2               50.0
3           3  2022-01-01T03:00            14.2                 76.0            0.0          0.0         2.0           10.7               45.0
4           4  2022-01-01T04:00            17.1                 66.0            0.0          0.0         1.0            9.6               34.0
2023-08-14 22:31:40,006 - INFO - Test data head: 
   Unnamed: 0              time  temperature_2m  relativehumidity_2m  precipitation  weathercode  cloudcover  windspeed_10m  winddirection_10m
0       11174  2023-04-11T14:00            29.7                 27.0            0.0          0.0        10.0            8.4              320.0
1       11175  2023-04-11T15:00            28.2                 30.0            0.0          0.0         7.0            8.4              313.0
2       11176  2023-04-11T16:00            27.0                 33.0            0.0          0.0         3.0            7.5              325.0
3       11177  2023-04-11T17:00            25.9                 36.0            0.0          0.0         1.0            6.8              335.0
4       11178  2023-04-11T18:00            25.1                 38.0            0.0          0.0         0.0            6.5              341.0
2023-08-14 22:31:40,031 - INFO - Obtaining Preprocessing object
2023-08-14 22:31:40,031 - INFO - Error occured at the DataTransformation stage
2023-08-14 22:52:12,103 - INFO - Log File created Successfully
2023-08-14 22:52:12,103 - INFO - Data Ingestion Method Starts
2023-08-14 22:52:12,134 - INFO - Extracted Hourly datas from the json file
2023-08-14 22:52:12,165 - INFO - Dataset read as Pandas Dataframe
2023-08-14 22:52:12,215 - INFO - Raw Data Saved as JSON file
2023-08-14 22:52:12,215 - INFO - Train Test Split
2023-08-14 22:52:12,339 - INFO - DataIngestion completed
2023-08-14 22:52:12,354 - INFO - Read train and test data completed
2023-08-14 22:52:12,370 - INFO - Train data head: 
   Unnamed: 0              time  temperature_2m  relativehumidity_2m  precipitation  weathercode  cloudcover  windspeed_10m  winddirection_10m
0           0  2022-01-01T00:00            11.8                 82.0            0.0          0.0        17.0           11.5               51.0
1           1  2022-01-01T01:00            11.6                 83.0            0.0          0.0        13.0           11.5               49.0
2           2  2022-01-01T02:00            11.6                 84.0            0.0          0.0         7.0           11.2               50.0
3           3  2022-01-01T03:00            14.2                 76.0            0.0          0.0         2.0           10.7               45.0
4           4  2022-01-01T04:00            17.1                 66.0            0.0          0.0         1.0            9.6               34.0
2023-08-14 22:52:12,370 - INFO - Test data head: 
   Unnamed: 0              time  temperature_2m  relativehumidity_2m  precipitation  weathercode  cloudcover  windspeed_10m  winddirection_10m
0       11174  2023-04-11T14:00            29.7                 27.0            0.0          0.0        10.0            8.4              320.0
1       11175  2023-04-11T15:00            28.2                 30.0            0.0          0.0         7.0            8.4              313.0
2       11176  2023-04-11T16:00            27.0                 33.0            0.0          0.0         3.0            7.5              325.0
3       11177  2023-04-11T17:00            25.9                 36.0            0.0          0.0         1.0            6.8              335.0
4       11178  2023-04-11T18:00            25.1                 38.0            0.0          0.0         0.0            6.5              341.0
2023-08-14 22:52:12,404 - INFO - Error occured at the DataTransformation stage
2023-08-14 22:55:34,958 - INFO - Log File created Successfully
2023-08-14 22:55:34,958 - INFO - Data Ingestion Method Starts
2023-08-14 22:55:34,974 - INFO - Extracted Hourly datas from the json file
2023-08-14 22:55:35,005 - INFO - Dataset read as Pandas Dataframe
2023-08-14 22:55:35,036 - INFO - Raw Data Saved as JSON file
2023-08-14 22:55:35,036 - INFO - Train Test Split
2023-08-14 22:55:35,147 - INFO - DataIngestion completed
2023-08-14 22:55:35,163 - INFO - Read train and test data completed
2023-08-14 22:55:35,178 - INFO - Train data head: 
   Unnamed: 0              time  temperature_2m  relativehumidity_2m  precipitation  weathercode  cloudcover  windspeed_10m  winddirection_10m
0           0  2022-01-01T00:00            11.8                 82.0            0.0          0.0        17.0           11.5               51.0
1           1  2022-01-01T01:00            11.6                 83.0            0.0          0.0        13.0           11.5               49.0
2           2  2022-01-01T02:00            11.6                 84.0            0.0          0.0         7.0           11.2               50.0
3           3  2022-01-01T03:00            14.2                 76.0            0.0          0.0         2.0           10.7               45.0
4           4  2022-01-01T04:00            17.1                 66.0            0.0          0.0         1.0            9.6               34.0
2023-08-14 22:55:35,178 - INFO - Test data head: 
   Unnamed: 0              time  temperature_2m  relativehumidity_2m  precipitation  weathercode  cloudcover  windspeed_10m  winddirection_10m
0       11174  2023-04-11T14:00            29.7                 27.0            0.0          0.0        10.0            8.4              320.0
1       11175  2023-04-11T15:00            28.2                 30.0            0.0          0.0         7.0            8.4              313.0
2       11176  2023-04-11T16:00            27.0                 33.0            0.0          0.0         3.0            7.5              325.0
3       11177  2023-04-11T17:00            25.9                 36.0            0.0          0.0         1.0            6.8              335.0
4       11178  2023-04-11T18:00            25.1                 38.0            0.0          0.0         0.0            6.5              341.0
2023-08-14 22:55:35,212 - INFO - Error occured at the DataTransformation stage
2023-08-14 22:56:51,898 - INFO - Log File created Successfully
2023-08-14 22:56:51,899 - INFO - Data Ingestion Method Starts
2023-08-14 22:56:51,928 - INFO - Extracted Hourly datas from the json file
2023-08-14 22:56:51,946 - INFO - Dataset read as Pandas Dataframe
2023-08-14 22:56:51,988 - INFO - Raw Data Saved as JSON file
2023-08-14 22:56:51,988 - INFO - Train Test Split
2023-08-14 22:56:52,099 - INFO - DataIngestion completed
2023-08-14 22:56:52,117 - INFO - Read train and test data completed
2023-08-14 22:56:52,133 - INFO - Train data head: 
   Unnamed: 0              time  temperature_2m  relativehumidity_2m  precipitation  weathercode  cloudcover  windspeed_10m  winddirection_10m
0           0  2022-01-01T00:00            11.8                 82.0            0.0          0.0        17.0           11.5               51.0
1           1  2022-01-01T01:00            11.6                 83.0            0.0          0.0        13.0           11.5               49.0
2           2  2022-01-01T02:00            11.6                 84.0            0.0          0.0         7.0           11.2               50.0
3           3  2022-01-01T03:00            14.2                 76.0            0.0          0.0         2.0           10.7               45.0
4           4  2022-01-01T04:00            17.1                 66.0            0.0          0.0         1.0            9.6               34.0
2023-08-14 22:56:52,133 - INFO - Test data head: 
   Unnamed: 0              time  temperature_2m  relativehumidity_2m  precipitation  weathercode  cloudcover  windspeed_10m  winddirection_10m
0       11174  2023-04-11T14:00            29.7                 27.0            0.0          0.0        10.0            8.4              320.0
1       11175  2023-04-11T15:00            28.2                 30.0            0.0          0.0         7.0            8.4              313.0
2       11176  2023-04-11T16:00            27.0                 33.0            0.0          0.0         3.0            7.5              325.0
3       11177  2023-04-11T17:00            25.9                 36.0            0.0          0.0         1.0            6.8              335.0
4       11178  2023-04-11T18:00            25.1                 38.0            0.0          0.0         0.0            6.5              341.0
2023-08-14 22:56:52,170 - INFO - Error occured at the DataTransformation stage
2023-08-14 22:58:22,516 - INFO - Log File created Successfully
2023-08-14 22:58:22,516 - INFO - Data Ingestion Method Starts
2023-08-14 22:58:22,563 - INFO - Extracted Hourly datas from the json file
2023-08-14 22:58:22,578 - INFO - Dataset read as Pandas Dataframe
2023-08-14 22:58:22,609 - INFO - Raw Data Saved as JSON file
2023-08-14 22:58:22,609 - INFO - Train Test Split
2023-08-14 22:58:22,719 - INFO - DataIngestion completed
2023-08-14 22:58:22,750 - INFO - Read train and test data completed
2023-08-14 22:58:22,766 - INFO - Train data head: 
   Unnamed: 0              time  temperature_2m  relativehumidity_2m  precipitation  weathercode  cloudcover  windspeed_10m  winddirection_10m
0           0  2022-01-01T00:00            11.8                 82.0            0.0          0.0        17.0           11.5               51.0
1           1  2022-01-01T01:00            11.6                 83.0            0.0          0.0        13.0           11.5               49.0
2           2  2022-01-01T02:00            11.6                 84.0            0.0          0.0         7.0           11.2               50.0
3           3  2022-01-01T03:00            14.2                 76.0            0.0          0.0         2.0           10.7               45.0
4           4  2022-01-01T04:00            17.1                 66.0            0.0          0.0         1.0            9.6               34.0
2023-08-14 22:58:22,766 - INFO - Test data head: 
   Unnamed: 0              time  temperature_2m  relativehumidity_2m  precipitation  weathercode  cloudcover  windspeed_10m  winddirection_10m
0       11174  2023-04-11T14:00            29.7                 27.0            0.0          0.0        10.0            8.4              320.0
1       11175  2023-04-11T15:00            28.2                 30.0            0.0          0.0         7.0            8.4              313.0
2       11176  2023-04-11T16:00            27.0                 33.0            0.0          0.0         3.0            7.5              325.0
3       11177  2023-04-11T17:00            25.9                 36.0            0.0          0.0         1.0            6.8              335.0
4       11178  2023-04-11T18:00            25.1                 38.0            0.0          0.0         0.0            6.5              341.0
2023-08-14 22:58:22,793 - INFO - Error occured at the DataTransformation stage
2023-08-14 23:03:11,546 - INFO - Log File created Successfully
2023-08-14 23:03:11,546 - INFO - Data Ingestion Method Starts
2023-08-14 23:03:11,577 - INFO - Extracted Hourly datas from the json file
2023-08-14 23:03:11,593 - INFO - Dataset read as Pandas Dataframe
2023-08-14 23:03:11,640 - INFO - Raw Data Saved as JSON file
2023-08-14 23:03:11,640 - INFO - Train Test Split
2023-08-14 23:03:11,768 - INFO - DataIngestion completed
2023-08-14 23:03:11,783 - INFO - Read train and test data completed
2023-08-14 23:03:11,799 - INFO - Train data head: 
   Unnamed: 0              time  temperature_2m  relativehumidity_2m  precipitation  weathercode  cloudcover  windspeed_10m  winddirection_10m
0           0  2022-01-01T00:00            11.8                 82.0            0.0          0.0        17.0           11.5               51.0
1           1  2022-01-01T01:00            11.6                 83.0            0.0          0.0        13.0           11.5               49.0
2           2  2022-01-01T02:00            11.6                 84.0            0.0          0.0         7.0           11.2               50.0
3           3  2022-01-01T03:00            14.2                 76.0            0.0          0.0         2.0           10.7               45.0
4           4  2022-01-01T04:00            17.1                 66.0            0.0          0.0         1.0            9.6               34.0
2023-08-14 23:03:11,799 - INFO - Test data head: 
   Unnamed: 0              time  temperature_2m  relativehumidity_2m  precipitation  weathercode  cloudcover  windspeed_10m  winddirection_10m
0       11174  2023-04-11T14:00            29.7                 27.0            0.0          0.0        10.0            8.4              320.0
1       11175  2023-04-11T15:00            28.2                 30.0            0.0          0.0         7.0            8.4              313.0
2       11176  2023-04-11T16:00            27.0                 33.0            0.0          0.0         3.0            7.5              325.0
3       11177  2023-04-11T17:00            25.9                 36.0            0.0          0.0         1.0            6.8              335.0
4       11178  2023-04-11T18:00            25.1                 38.0            0.0          0.0         0.0            6.5              341.0
2023-08-14 23:03:11,877 - INFO - Error occured at the DataTransformation stage
2023-08-14 23:06:55,037 - INFO - Log File created Successfully
2023-08-14 23:06:55,037 - INFO - Data Ingestion Method Starts
2023-08-14 23:06:55,068 - INFO - Extracted Hourly datas from the json file
2023-08-14 23:06:55,099 - INFO - Dataset read as Pandas Dataframe
2023-08-14 23:06:55,130 - INFO - Raw Data Saved as JSON file
2023-08-14 23:06:55,130 - INFO - Train Test Split
2023-08-14 23:06:55,228 - INFO - DataIngestion completed
2023-08-14 23:06:55,257 - INFO - Read train and test data completed
2023-08-14 23:06:55,257 - INFO - Train data head: 
   Unnamed: 0              time  temperature_2m  relativehumidity_2m  precipitation  weathercode  cloudcover  windspeed_10m  winddirection_10m
0           0  2022-01-01T00:00            11.8                 82.0            0.0          0.0        17.0           11.5               51.0
1           1  2022-01-01T01:00            11.6                 83.0            0.0          0.0        13.0           11.5               49.0
2           2  2022-01-01T02:00            11.6                 84.0            0.0          0.0         7.0           11.2               50.0
3           3  2022-01-01T03:00            14.2                 76.0            0.0          0.0         2.0           10.7               45.0
4           4  2022-01-01T04:00            17.1                 66.0            0.0          0.0         1.0            9.6               34.0
2023-08-14 23:06:55,257 - INFO - Test data head: 
   Unnamed: 0              time  temperature_2m  relativehumidity_2m  precipitation  weathercode  cloudcover  windspeed_10m  winddirection_10m
0       11174  2023-04-11T14:00            29.7                 27.0            0.0          0.0        10.0            8.4              320.0
1       11175  2023-04-11T15:00            28.2                 30.0            0.0          0.0         7.0            8.4              313.0
2       11176  2023-04-11T16:00            27.0                 33.0            0.0          0.0         3.0            7.5              325.0
3       11177  2023-04-11T17:00            25.9                 36.0            0.0          0.0         1.0            6.8              335.0
4       11178  2023-04-11T18:00            25.1                 38.0            0.0          0.0         0.0            6.5              341.0
2023-08-14 23:06:55,298 - INFO - Error occured at the DataTransformation stage
2023-08-14 23:12:38,472 - INFO - Log File created Successfully
2023-08-14 23:12:38,472 - INFO - Data Ingestion Method Starts
2023-08-14 23:12:38,503 - INFO - Extracted Hourly datas from the json file
2023-08-14 23:12:38,535 - INFO - Dataset read as Pandas Dataframe
2023-08-14 23:12:38,566 - INFO - Raw Data Saved as JSON file
2023-08-14 23:12:38,566 - INFO - Train Test Split
2023-08-14 23:12:38,675 - INFO - DataIngestion completed
2023-08-14 23:13:05,669 - INFO - Log File created Successfully
2023-08-14 23:13:05,669 - INFO - Data Ingestion Method Starts
2023-08-14 23:13:05,716 - INFO - Extracted Hourly datas from the json file
2023-08-14 23:13:05,732 - INFO - Dataset read as Pandas Dataframe
2023-08-14 23:13:05,763 - INFO - Raw Data Saved as JSON file
2023-08-14 23:13:05,763 - INFO - Train Test Split
2023-08-14 23:13:05,872 - INFO - DataIngestion completed
2023-08-14 23:13:05,888 - INFO - Read train and test data completed
2023-08-14 23:13:05,904 - INFO - Train data head: 
   Unnamed: 0              time  temperature_2m  relativehumidity_2m  precipitation  weathercode  cloudcover  windspeed_10m  winddirection_10m
0           0  2022-01-01T00:00            11.8                 82.0            0.0          0.0        17.0           11.5               51.0
1           1  2022-01-01T01:00            11.6                 83.0            0.0          0.0        13.0           11.5               49.0
2           2  2022-01-01T02:00            11.6                 84.0            0.0          0.0         7.0           11.2               50.0
3           3  2022-01-01T03:00            14.2                 76.0            0.0          0.0         2.0           10.7               45.0
4           4  2022-01-01T04:00            17.1                 66.0            0.0          0.0         1.0            9.6               34.0
2023-08-14 23:13:05,904 - INFO - Test data head: 
   Unnamed: 0              time  temperature_2m  relativehumidity_2m  precipitation  weathercode  cloudcover  windspeed_10m  winddirection_10m
0       11174  2023-04-11T14:00            29.7                 27.0            0.0          0.0        10.0            8.4              320.0
1       11175  2023-04-11T15:00            28.2                 30.0            0.0          0.0         7.0            8.4              313.0
2       11176  2023-04-11T16:00            27.0                 33.0            0.0          0.0         3.0            7.5              325.0
3       11177  2023-04-11T17:00            25.9                 36.0            0.0          0.0         1.0            6.8              335.0
4       11178  2023-04-11T18:00            25.1                 38.0            0.0          0.0         0.0            6.5              341.0
2023-08-14 23:13:05,934 - INFO - Error occured at the DataTransformation stage
2023-08-14 23:22:50,523 - INFO - Log File created Successfully
2023-08-14 23:22:50,523 - INFO - Data Ingestion Method Starts
2023-08-14 23:22:50,554 - INFO - Extracted Hourly datas from the json file
2023-08-14 23:22:50,570 - INFO - Dataset read as Pandas Dataframe
2023-08-14 23:22:50,601 - INFO - Raw Data Saved as JSON file
2023-08-14 23:22:50,601 - INFO - Train Test Split
2023-08-14 23:22:50,695 - INFO - DataIngestion completed
2023-08-14 23:22:50,726 - INFO - Read train and test data completed
2023-08-14 23:22:50,726 - INFO - Train data head: 
   Unnamed: 0              time  temperature_2m  relativehumidity_2m  precipitation  weathercode  cloudcover  windspeed_10m  winddirection_10m
0           0  2022-01-01T00:00            11.8                 82.0            0.0          0.0        17.0           11.5               51.0
1           1  2022-01-01T01:00            11.6                 83.0            0.0          0.0        13.0           11.5               49.0
2           2  2022-01-01T02:00            11.6                 84.0            0.0          0.0         7.0           11.2               50.0
3           3  2022-01-01T03:00            14.2                 76.0            0.0          0.0         2.0           10.7               45.0
4           4  2022-01-01T04:00            17.1                 66.0            0.0          0.0         1.0            9.6               34.0
2023-08-14 23:22:50,726 - INFO - Test data head: 
   Unnamed: 0              time  temperature_2m  relativehumidity_2m  precipitation  weathercode  cloudcover  windspeed_10m  winddirection_10m
0       11174  2023-04-11T14:00            29.7                 27.0            0.0          0.0        10.0            8.4              320.0
1       11175  2023-04-11T15:00            28.2                 30.0            0.0          0.0         7.0            8.4              313.0
2       11176  2023-04-11T16:00            27.0                 33.0            0.0          0.0         3.0            7.5              325.0
3       11177  2023-04-11T17:00            25.9                 36.0            0.0          0.0         1.0            6.8              335.0
4       11178  2023-04-11T18:00            25.1                 38.0            0.0          0.0         0.0            6.5              341.0
2023-08-14 23:22:50,768 - INFO - Error occured at the DataTransformation stage
2023-08-14 23:26:09,506 - INFO - Log File created Successfully
2023-08-14 23:26:09,506 - INFO - Data Ingestion Method Starts
2023-08-14 23:26:09,538 - INFO - Extracted Hourly datas from the json file
2023-08-14 23:26:09,553 - INFO - Dataset read as Pandas Dataframe
2023-08-14 23:26:09,600 - INFO - Raw Data Saved as JSON file
2023-08-14 23:26:09,600 - INFO - Train Test Split
2023-08-14 23:26:09,678 - INFO - DataIngestion completed
2023-08-14 23:26:09,709 - INFO - Read train and test data completed
2023-08-14 23:26:09,709 - INFO - Train data head: 
   Unnamed: 0              time  temperature_2m  relativehumidity_2m  precipitation  weathercode  cloudcover  windspeed_10m  winddirection_10m
0           0  2022-01-01T00:00            11.8                 82.0            0.0          0.0        17.0           11.5               51.0
1           1  2022-01-01T01:00            11.6                 83.0            0.0          0.0        13.0           11.5               49.0
2           2  2022-01-01T02:00            11.6                 84.0            0.0          0.0         7.0           11.2               50.0
3           3  2022-01-01T03:00            14.2                 76.0            0.0          0.0         2.0           10.7               45.0
4           4  2022-01-01T04:00            17.1                 66.0            0.0          0.0         1.0            9.6               34.0
2023-08-14 23:26:09,725 - INFO - Test data head: 
   Unnamed: 0              time  temperature_2m  relativehumidity_2m  precipitation  weathercode  cloudcover  windspeed_10m  winddirection_10m
0       11174  2023-04-11T14:00            29.7                 27.0            0.0          0.0        10.0            8.4              320.0
1       11175  2023-04-11T15:00            28.2                 30.0            0.0          0.0         7.0            8.4              313.0
2       11176  2023-04-11T16:00            27.0                 33.0            0.0          0.0         3.0            7.5              325.0
3       11177  2023-04-11T17:00            25.9                 36.0            0.0          0.0         1.0            6.8              335.0
4       11178  2023-04-11T18:00            25.1                 38.0            0.0          0.0         0.0            6.5              341.0
2023-08-14 23:26:09,761 - INFO - Error occured at the DataTransformation stage
2023-08-14 23:34:15,412 - INFO - Log File created Successfully
2023-08-14 23:34:15,412 - INFO - Data Ingestion Method Starts
2023-08-14 23:34:15,443 - INFO - Extracted Hourly datas from the json file
2023-08-14 23:34:15,458 - INFO - Dataset read as Pandas Dataframe
2023-08-14 23:34:15,490 - INFO - Raw Data Saved as JSON file
2023-08-14 23:34:15,490 - INFO - Train Test Split
2023-08-14 23:34:15,599 - INFO - DataIngestion completed
2023-08-14 23:34:15,630 - INFO - Read train and test data completed
2023-08-14 23:34:15,630 - INFO - Train data head: 
   Unnamed: 0              time  temperature_2m  relativehumidity_2m  precipitation  weathercode  cloudcover  windspeed_10m  winddirection_10m
0           0  2022-01-01T00:00            11.8                 82.0            0.0          0.0        17.0           11.5               51.0
1           1  2022-01-01T01:00            11.6                 83.0            0.0          0.0        13.0           11.5               49.0
2           2  2022-01-01T02:00            11.6                 84.0            0.0          0.0         7.0           11.2               50.0
3           3  2022-01-01T03:00            14.2                 76.0            0.0          0.0         2.0           10.7               45.0
4           4  2022-01-01T04:00            17.1                 66.0            0.0          0.0         1.0            9.6               34.0
2023-08-14 23:34:15,630 - INFO - Test data head: 
   Unnamed: 0              time  temperature_2m  relativehumidity_2m  precipitation  weathercode  cloudcover  windspeed_10m  winddirection_10m
0       11174  2023-04-11T14:00            29.7                 27.0            0.0          0.0        10.0            8.4              320.0
1       11175  2023-04-11T15:00            28.2                 30.0            0.0          0.0         7.0            8.4              313.0
2       11176  2023-04-11T16:00            27.0                 33.0            0.0          0.0         3.0            7.5              325.0
3       11177  2023-04-11T17:00            25.9                 36.0            0.0          0.0         1.0            6.8              335.0
4       11178  2023-04-11T18:00            25.1                 38.0            0.0          0.0         0.0            6.5              341.0
2023-08-14 23:34:15,685 - INFO - Error occured at the DataTransformation stage
2023-08-14 23:41:01,050 - INFO - Log File created Successfully
2023-08-14 23:41:01,050 - INFO - Data Ingestion Method Starts
2023-08-14 23:41:01,082 - INFO - Extracted Hourly datas from the json file
2023-08-14 23:41:01,097 - INFO - Dataset read as Pandas Dataframe
2023-08-14 23:41:01,128 - INFO - Raw Data Saved as JSON file
2023-08-14 23:41:01,128 - INFO - Train Test Split
2023-08-14 23:41:01,222 - INFO - DataIngestion completed
2023-08-14 23:41:01,269 - INFO - Read train and test data completed
2023-08-14 23:41:01,269 - INFO - Train data head: 
   Unnamed: 0              time  temperature_2m  relativehumidity_2m  precipitation  weathercode  cloudcover  windspeed_10m  winddirection_10m
0           0  2022-01-01T00:00            11.8                 82.0            0.0          0.0        17.0           11.5               51.0
1           1  2022-01-01T01:00            11.6                 83.0            0.0          0.0        13.0           11.5               49.0
2           2  2022-01-01T02:00            11.6                 84.0            0.0          0.0         7.0           11.2               50.0
3           3  2022-01-01T03:00            14.2                 76.0            0.0          0.0         2.0           10.7               45.0
4           4  2022-01-01T04:00            17.1                 66.0            0.0          0.0         1.0            9.6               34.0
2023-08-14 23:41:01,285 - INFO - Test data head: 
   Unnamed: 0              time  temperature_2m  relativehumidity_2m  precipitation  weathercode  cloudcover  windspeed_10m  winddirection_10m
0       11174  2023-04-11T14:00            29.7                 27.0            0.0          0.0        10.0            8.4              320.0
1       11175  2023-04-11T15:00            28.2                 30.0            0.0          0.0         7.0            8.4              313.0
2       11176  2023-04-11T16:00            27.0                 33.0            0.0          0.0         3.0            7.5              325.0
3       11177  2023-04-11T17:00            25.9                 36.0            0.0          0.0         1.0            6.8              335.0
4       11178  2023-04-11T18:00            25.1                 38.0            0.0          0.0         0.0            6.5              341.0
2023-08-14 23:42:12,992 - INFO - Log File created Successfully
2023-08-14 23:42:12,992 - INFO - Data Ingestion Method Starts
2023-08-14 23:42:13,023 - INFO - Extracted Hourly datas from the json file
2023-08-14 23:42:13,039 - INFO - Dataset read as Pandas Dataframe
2023-08-14 23:42:13,070 - INFO - Raw Data Saved as JSON file
2023-08-14 23:42:13,070 - INFO - Train Test Split
2023-08-14 23:42:13,179 - INFO - DataIngestion completed
2023-08-14 23:42:13,210 - INFO - Read train and test data completed
2023-08-14 23:42:13,210 - INFO - Train data head: 
   Unnamed: 0              time  temperature_2m  relativehumidity_2m  precipitation  weathercode  cloudcover  windspeed_10m  winddirection_10m
0           0  2022-01-01T00:00            11.8                 82.0            0.0          0.0        17.0           11.5               51.0
1           1  2022-01-01T01:00            11.6                 83.0            0.0          0.0        13.0           11.5               49.0
2           2  2022-01-01T02:00            11.6                 84.0            0.0          0.0         7.0           11.2               50.0
3           3  2022-01-01T03:00            14.2                 76.0            0.0          0.0         2.0           10.7               45.0
4           4  2022-01-01T04:00            17.1                 66.0            0.0          0.0         1.0            9.6               34.0
2023-08-14 23:42:13,226 - INFO - Test data head: 
   Unnamed: 0              time  temperature_2m  relativehumidity_2m  precipitation  weathercode  cloudcover  windspeed_10m  winddirection_10m
0       11174  2023-04-11T14:00            29.7                 27.0            0.0          0.0        10.0            8.4              320.0
1       11175  2023-04-11T15:00            28.2                 30.0            0.0          0.0         7.0            8.4              313.0
2       11176  2023-04-11T16:00            27.0                 33.0            0.0          0.0         3.0            7.5              325.0
3       11177  2023-04-11T17:00            25.9                 36.0            0.0          0.0         1.0            6.8              335.0
4       11178  2023-04-11T18:00            25.1                 38.0            0.0          0.0         0.0            6.5              341.0
2023-08-14 23:51:07,793 - INFO - Log File created Successfully
2023-08-14 23:51:07,793 - INFO - Data Ingestion Method Starts
2023-08-14 23:51:07,809 - INFO - Extracted Hourly datas from the json file
2023-08-14 23:51:07,840 - INFO - Dataset read as Pandas Dataframe
2023-08-14 23:51:07,871 - INFO - Raw Data Saved as JSON file
2023-08-14 23:51:07,871 - INFO - Train Test Split
2023-08-14 23:51:08,046 - INFO - DataIngestion completed
2023-08-14 23:51:08,060 - INFO - Read train and test data completed
2023-08-14 23:51:08,076 - INFO - Train data head: 
   Unnamed: 0              time  temperature_2m  relativehumidity_2m  precipitation  weathercode  cloudcover  windspeed_10m  winddirection_10m
0           0  2022-01-01T00:00            11.8                 82.0            0.0          0.0        17.0           11.5               51.0
1           1  2022-01-01T01:00            11.6                 83.0            0.0          0.0        13.0           11.5               49.0
2           2  2022-01-01T02:00            11.6                 84.0            0.0          0.0         7.0           11.2               50.0
3           3  2022-01-01T03:00            14.2                 76.0            0.0          0.0         2.0           10.7               45.0
4           4  2022-01-01T04:00            17.1                 66.0            0.0          0.0         1.0            9.6               34.0
2023-08-14 23:51:08,076 - INFO - Test data head: 
   Unnamed: 0              time  temperature_2m  relativehumidity_2m  precipitation  weathercode  cloudcover  windspeed_10m  winddirection_10m
0       11174  2023-04-11T14:00            29.7                 27.0            0.0          0.0        10.0            8.4              320.0
1       11175  2023-04-11T15:00            28.2                 30.0            0.0          0.0         7.0            8.4              313.0
2       11176  2023-04-11T16:00            27.0                 33.0            0.0          0.0         3.0            7.5              325.0
3       11177  2023-04-11T17:00            25.9                 36.0            0.0          0.0         1.0            6.8              335.0
4       11178  2023-04-11T18:00            25.1                 38.0            0.0          0.0         0.0            6.5              341.0
2023-08-14 23:51:08,138 - INFO - Set Timestamp as Index successfully
2023-08-14 23:51:08,154 - INFO - Simple Imputation completed
2023-08-14 23:51:08,169 - INFO - Converted Hourly Datas to Daily Datas
2023-08-14 23:51:08,169 - INFO - Preprocessing Done!! Saved as Pickled File
2023-08-16 18:46:37,277 - INFO - Log File created Successfully
2023-08-16 18:47:22,071 - INFO - Log File created Successfully
2023-08-16 18:48:19,895 - INFO - Log File created Successfully
2023-08-16 18:48:19,895 - INFO - Data Ingestion Method Starts
2023-08-16 18:48:19,926 - INFO - Extracted Hourly datas from the json file
2023-08-16 18:48:19,948 - INFO - Dataset read as Pandas Dataframe
2023-08-16 18:48:19,980 - INFO - Raw Data Saved as JSON file
2023-08-16 18:48:19,980 - INFO - Train Test Split
2023-08-16 18:48:20,090 - INFO - DataIngestion completed
2023-08-16 18:48:20,122 - INFO - Read train and test data completed
2023-08-16 18:48:20,122 - INFO - Train data head: 
   Unnamed: 0              time  temperature_2m  relativehumidity_2m  precipitation  weathercode  cloudcover  windspeed_10m  winddirection_10m
0           0  2022-01-01T00:00            11.8                 82.0            0.0          0.0        17.0           11.5               51.0
1           1  2022-01-01T01:00            11.6                 83.0            0.0          0.0        13.0           11.5               49.0
2           2  2022-01-01T02:00            11.6                 84.0            0.0          0.0         7.0           11.2               50.0
3           3  2022-01-01T03:00            14.2                 76.0            0.0          0.0         2.0           10.7               45.0
4           4  2022-01-01T04:00            17.1                 66.0            0.0          0.0         1.0            9.6               34.0
2023-08-16 18:48:20,137 - INFO - Test data head: 
   Unnamed: 0              time  temperature_2m  relativehumidity_2m  precipitation  weathercode  cloudcover  windspeed_10m  winddirection_10m
0       11174  2023-04-11T14:00            29.7                 27.0            0.0          0.0        10.0            8.4              320.0
1       11175  2023-04-11T15:00            28.2                 30.0            0.0          0.0         7.0            8.4              313.0
2       11176  2023-04-11T16:00            27.0                 33.0            0.0          0.0         3.0            7.5              325.0
3       11177  2023-04-11T17:00            25.9                 36.0            0.0          0.0         1.0            6.8              335.0
4       11178  2023-04-11T18:00            25.1                 38.0            0.0          0.0         0.0            6.5              341.0
2023-08-16 18:48:20,211 - INFO - Set Timestamp as Index successfully
2023-08-16 18:48:20,211 - INFO - Simple Imputation completed
2023-08-16 18:48:20,227 - INFO - Converted Hourly Datas to Daily Datas
2023-08-16 18:48:20,227 - INFO - Preprocessing Done!! Saved as Pickled File
2023-08-16 18:48:36,497 - INFO - Log File created Successfully
2023-08-16 18:48:36,497 - INFO - Data Ingestion Method Starts
2023-08-16 18:48:36,528 - INFO - Extracted Hourly datas from the json file
2023-08-16 18:48:36,548 - INFO - Dataset read as Pandas Dataframe
2023-08-16 18:48:36,579 - INFO - Raw Data Saved as JSON file
2023-08-16 18:48:36,579 - INFO - Train Test Split
2023-08-16 18:48:36,682 - INFO - DataIngestion completed
2023-08-16 18:48:36,703 - INFO - Read train and test data completed
2023-08-16 18:48:36,713 - INFO - Train data head: 
   Unnamed: 0              time  temperature_2m  relativehumidity_2m  precipitation  weathercode  cloudcover  windspeed_10m  winddirection_10m
0           0  2022-01-01T00:00            11.8                 82.0            0.0          0.0        17.0           11.5               51.0
1           1  2022-01-01T01:00            11.6                 83.0            0.0          0.0        13.0           11.5               49.0
2           2  2022-01-01T02:00            11.6                 84.0            0.0          0.0         7.0           11.2               50.0
3           3  2022-01-01T03:00            14.2                 76.0            0.0          0.0         2.0           10.7               45.0
4           4  2022-01-01T04:00            17.1                 66.0            0.0          0.0         1.0            9.6               34.0
2023-08-16 18:48:36,713 - INFO - Test data head: 
   Unnamed: 0              time  temperature_2m  relativehumidity_2m  precipitation  weathercode  cloudcover  windspeed_10m  winddirection_10m
0       11174  2023-04-11T14:00            29.7                 27.0            0.0          0.0        10.0            8.4              320.0
1       11175  2023-04-11T15:00            28.2                 30.0            0.0          0.0         7.0            8.4              313.0
2       11176  2023-04-11T16:00            27.0                 33.0            0.0          0.0         3.0            7.5              325.0
3       11177  2023-04-11T17:00            25.9                 36.0            0.0          0.0         1.0            6.8              335.0
4       11178  2023-04-11T18:00            25.1                 38.0            0.0          0.0         0.0            6.5              341.0
2023-08-16 18:48:36,782 - INFO - Set Timestamp as Index successfully
2023-08-16 18:48:36,794 - INFO - Simple Imputation completed
2023-08-16 18:48:36,804 - INFO - Converted Hourly Datas to Daily Datas
2023-08-16 18:48:36,804 - INFO - Preprocessing Done!! Saved as Pickled File
2023-08-16 18:48:36,804 - INFO - Model Training Started
2023-08-16 18:48:36,868 - INFO - Error occurred at Model Trainer stage
2023-08-16 18:50:50,986 - INFO - Log File created Successfully
2023-08-16 18:50:50,986 - INFO - Data Ingestion Method Starts
2023-08-16 18:50:51,017 - INFO - Extracted Hourly datas from the json file
2023-08-16 18:50:51,037 - INFO - Dataset read as Pandas Dataframe
2023-08-16 18:50:51,076 - INFO - Raw Data Saved as JSON file
2023-08-16 18:50:51,076 - INFO - Train Test Split
2023-08-16 18:50:51,198 - INFO - DataIngestion completed
2023-08-16 18:50:51,221 - INFO - Read train and test data completed
2023-08-16 18:50:51,231 - INFO - Train data head: 
   Unnamed: 0              time  temperature_2m  relativehumidity_2m  precipitation  weathercode  cloudcover  windspeed_10m  winddirection_10m
0           0  2022-01-01T00:00            11.8                 82.0            0.0          0.0        17.0           11.5               51.0
1           1  2022-01-01T01:00            11.6                 83.0            0.0          0.0        13.0           11.5               49.0
2           2  2022-01-01T02:00            11.6                 84.0            0.0          0.0         7.0           11.2               50.0
3           3  2022-01-01T03:00            14.2                 76.0            0.0          0.0         2.0           10.7               45.0
4           4  2022-01-01T04:00            17.1                 66.0            0.0          0.0         1.0            9.6               34.0
2023-08-16 18:50:51,231 - INFO - Test data head: 
   Unnamed: 0              time  temperature_2m  relativehumidity_2m  precipitation  weathercode  cloudcover  windspeed_10m  winddirection_10m
0       11174  2023-04-11T14:00            29.7                 27.0            0.0          0.0        10.0            8.4              320.0
1       11175  2023-04-11T15:00            28.2                 30.0            0.0          0.0         7.0            8.4              313.0
2       11176  2023-04-11T16:00            27.0                 33.0            0.0          0.0         3.0            7.5              325.0
3       11177  2023-04-11T17:00            25.9                 36.0            0.0          0.0         1.0            6.8              335.0
4       11178  2023-04-11T18:00            25.1                 38.0            0.0          0.0         0.0            6.5              341.0
2023-08-16 18:50:51,303 - INFO - Set Timestamp as Index successfully
2023-08-16 18:50:51,311 - INFO - Simple Imputation completed
2023-08-16 18:50:51,324 - INFO - Converted Hourly Datas to Daily Datas
2023-08-16 18:50:51,324 - INFO - Preprocessing Done!! Saved as Pickled File
2023-08-16 18:50:51,324 - INFO - Model Training Started
2023-08-16 18:50:51,348 - INFO - Test RMSE: 3.875
2023-08-16 18:50:51,349 - INFO - Error occurred at Model Trainer stage
2023-08-16 18:52:27,829 - INFO - Log File created Successfully
2023-08-16 18:52:27,829 - INFO - Data Ingestion Method Starts
2023-08-16 18:52:27,867 - INFO - Extracted Hourly datas from the json file
2023-08-16 18:52:27,883 - INFO - Dataset read as Pandas Dataframe
2023-08-16 18:52:27,914 - INFO - Raw Data Saved as JSON file
2023-08-16 18:52:27,914 - INFO - Train Test Split
2023-08-16 18:52:28,022 - INFO - DataIngestion completed
2023-08-16 18:52:28,052 - INFO - Read train and test data completed
2023-08-16 18:52:28,052 - INFO - Train data head: 
   Unnamed: 0              time  temperature_2m  relativehumidity_2m  precipitation  weathercode  cloudcover  windspeed_10m  winddirection_10m
0           0  2022-01-01T00:00            11.8                 82.0            0.0          0.0        17.0           11.5               51.0
1           1  2022-01-01T01:00            11.6                 83.0            0.0          0.0        13.0           11.5               49.0
2           2  2022-01-01T02:00            11.6                 84.0            0.0          0.0         7.0           11.2               50.0
3           3  2022-01-01T03:00            14.2                 76.0            0.0          0.0         2.0           10.7               45.0
4           4  2022-01-01T04:00            17.1                 66.0            0.0          0.0         1.0            9.6               34.0
2023-08-16 18:52:28,052 - INFO - Test data head: 
   Unnamed: 0              time  temperature_2m  relativehumidity_2m  precipitation  weathercode  cloudcover  windspeed_10m  winddirection_10m
0       11174  2023-04-11T14:00            29.7                 27.0            0.0          0.0        10.0            8.4              320.0
1       11175  2023-04-11T15:00            28.2                 30.0            0.0          0.0         7.0            8.4              313.0
2       11176  2023-04-11T16:00            27.0                 33.0            0.0          0.0         3.0            7.5              325.0
3       11177  2023-04-11T17:00            25.9                 36.0            0.0          0.0         1.0            6.8              335.0
4       11178  2023-04-11T18:00            25.1                 38.0            0.0          0.0         0.0            6.5              341.0
2023-08-16 18:52:28,146 - INFO - Set Timestamp as Index successfully
2023-08-16 18:52:28,154 - INFO - Simple Imputation completed
2023-08-16 18:52:28,173 - INFO - Converted Hourly Datas to Daily Datas
2023-08-16 18:52:28,175 - INFO - Preprocessing Done!! Saved as Pickled File
2023-08-16 18:52:28,175 - INFO - Model Training Started
2023-08-16 18:52:28,199 - INFO - Test RMSE: 3.875
2023-08-16 19:01:48,495 - INFO - Log File created Successfully
2023-08-16 19:01:48,495 - INFO - Data Ingestion Method Starts
2023-08-16 19:01:48,526 - INFO - Extracted Hourly datas from the json file
2023-08-16 19:01:48,546 - INFO - Dataset read as Pandas Dataframe
2023-08-16 19:01:48,577 - INFO - Raw Data Saved as JSON file
2023-08-16 19:01:48,577 - INFO - Train Test Split
2023-08-16 19:01:48,668 - INFO - DataIngestion completed
2023-08-16 19:01:48,689 - INFO - Read train and test data completed
2023-08-16 19:01:48,699 - INFO - Train data head: 
   Unnamed: 0              time  temperature_2m  relativehumidity_2m  precipitation  weathercode  cloudcover  windspeed_10m  winddirection_10m
0           0  2022-01-01T00:00            11.8                 82.0            0.0          0.0        17.0           11.5               51.0
1           1  2022-01-01T01:00            11.6                 83.0            0.0          0.0        13.0           11.5               49.0
2           2  2022-01-01T02:00            11.6                 84.0            0.0          0.0         7.0           11.2               50.0
3           3  2022-01-01T03:00            14.2                 76.0            0.0          0.0         2.0           10.7               45.0
4           4  2022-01-01T04:00            17.1                 66.0            0.0          0.0         1.0            9.6               34.0
2023-08-16 19:01:48,709 - INFO - Test data head: 
   Unnamed: 0              time  temperature_2m  relativehumidity_2m  precipitation  weathercode  cloudcover  windspeed_10m  winddirection_10m
0       11174  2023-04-11T14:00            29.7                 27.0            0.0          0.0        10.0            8.4              320.0
1       11175  2023-04-11T15:00            28.2                 30.0            0.0          0.0         7.0            8.4              313.0
2       11176  2023-04-11T16:00            27.0                 33.0            0.0          0.0         3.0            7.5              325.0
3       11177  2023-04-11T17:00            25.9                 36.0            0.0          0.0         1.0            6.8              335.0
4       11178  2023-04-11T18:00            25.1                 38.0            0.0          0.0         0.0            6.5              341.0
2023-08-16 19:01:48,778 - INFO - Set Timestamp as Index successfully
2023-08-16 19:01:48,780 - INFO - Simple Imputation completed
2023-08-16 19:01:48,791 - INFO - Converted Hourly Datas to Daily Datas
2023-08-16 19:01:48,791 - INFO - Preprocessing Done!! Saved as Pickled File
2023-08-16 19:01:48,799 - INFO - Model Training Started
2023-08-16 19:01:48,823 - INFO - Test RMSE: 3.875
2023-08-16 19:04:16,549 - INFO - Log File created Successfully
2023-08-16 19:04:16,549 - INFO - Data Ingestion Method Starts
2023-08-16 19:04:16,579 - INFO - Extracted Hourly datas from the json file
2023-08-16 19:04:16,600 - INFO - Dataset read as Pandas Dataframe
2023-08-16 19:04:16,659 - INFO - Raw Data Saved as JSON file
2023-08-16 19:04:16,659 - INFO - Train Test Split
2023-08-16 19:04:16,753 - INFO - DataIngestion completed
2023-08-16 19:04:16,783 - INFO - Read train and test data completed
2023-08-16 19:04:16,783 - INFO - Train data head: 
   Unnamed: 0              time  temperature_2m  relativehumidity_2m  precipitation  weathercode  cloudcover  windspeed_10m  winddirection_10m
0           0  2022-01-01T00:00            11.8                 82.0            0.0          0.0        17.0           11.5               51.0
1           1  2022-01-01T01:00            11.6                 83.0            0.0          0.0        13.0           11.5               49.0
2           2  2022-01-01T02:00            11.6                 84.0            0.0          0.0         7.0           11.2               50.0
3           3  2022-01-01T03:00            14.2                 76.0            0.0          0.0         2.0           10.7               45.0
4           4  2022-01-01T04:00            17.1                 66.0            0.0          0.0         1.0            9.6               34.0
2023-08-16 19:04:16,793 - INFO - Test data head: 
   Unnamed: 0              time  temperature_2m  relativehumidity_2m  precipitation  weathercode  cloudcover  windspeed_10m  winddirection_10m
0       11174  2023-04-11T14:00            29.7                 27.0            0.0          0.0        10.0            8.4              320.0
1       11175  2023-04-11T15:00            28.2                 30.0            0.0          0.0         7.0            8.4              313.0
2       11176  2023-04-11T16:00            27.0                 33.0            0.0          0.0         3.0            7.5              325.0
3       11177  2023-04-11T17:00            25.9                 36.0            0.0          0.0         1.0            6.8              335.0
4       11178  2023-04-11T18:00            25.1                 38.0            0.0          0.0         0.0            6.5              341.0
2023-08-16 19:04:16,864 - INFO - Set Timestamp as Index successfully
2023-08-16 19:04:16,870 - INFO - Simple Imputation completed
2023-08-16 19:04:16,885 - INFO - Converted Hourly Datas to Daily Datas
2023-08-16 19:04:16,885 - INFO - Preprocessing Done!! Saved as Pickled File
2023-08-16 19:04:16,893 - INFO - Model Training Started
2023-08-16 19:04:16,917 - INFO - Test RMSE: 3.875
2023-08-16 19:05:18,982 - INFO - Log File created Successfully
2023-08-16 19:05:18,982 - INFO - Data Ingestion Method Starts
2023-08-16 19:05:19,016 - INFO - Extracted Hourly datas from the json file
2023-08-16 19:05:19,031 - INFO - Dataset read as Pandas Dataframe
2023-08-16 19:05:19,063 - INFO - Raw Data Saved as JSON file
2023-08-16 19:05:19,063 - INFO - Train Test Split
2023-08-16 19:05:19,178 - INFO - DataIngestion completed
2023-08-16 19:05:19,194 - INFO - Read train and test data completed
2023-08-16 19:05:19,216 - INFO - Train data head: 
   Unnamed: 0              time  temperature_2m  relativehumidity_2m  precipitation  weathercode  cloudcover  windspeed_10m  winddirection_10m
0           0  2022-01-01T00:00            11.8                 82.0            0.0          0.0        17.0           11.5               51.0
1           1  2022-01-01T01:00            11.6                 83.0            0.0          0.0        13.0           11.5               49.0
2           2  2022-01-01T02:00            11.6                 84.0            0.0          0.0         7.0           11.2               50.0
3           3  2022-01-01T03:00            14.2                 76.0            0.0          0.0         2.0           10.7               45.0
4           4  2022-01-01T04:00            17.1                 66.0            0.0          0.0         1.0            9.6               34.0
2023-08-16 19:05:19,216 - INFO - Test data head: 
   Unnamed: 0              time  temperature_2m  relativehumidity_2m  precipitation  weathercode  cloudcover  windspeed_10m  winddirection_10m
0       11174  2023-04-11T14:00            29.7                 27.0            0.0          0.0        10.0            8.4              320.0
1       11175  2023-04-11T15:00            28.2                 30.0            0.0          0.0         7.0            8.4              313.0
2       11176  2023-04-11T16:00            27.0                 33.0            0.0          0.0         3.0            7.5              325.0
3       11177  2023-04-11T17:00            25.9                 36.0            0.0          0.0         1.0            6.8              335.0
4       11178  2023-04-11T18:00            25.1                 38.0            0.0          0.0         0.0            6.5              341.0
2023-08-16 19:05:19,294 - INFO - Set Timestamp as Index successfully
2023-08-16 19:05:19,310 - INFO - Simple Imputation completed
2023-08-16 19:05:19,332 - INFO - Converted Hourly Datas to Daily Datas
2023-08-16 19:05:19,332 - INFO - Preprocessing Done!! Saved as Pickled File
2023-08-16 19:05:19,332 - INFO - Model Training Started
2023-08-16 19:05:19,367 - INFO - Test RMSE: 3.875
2023-08-16 19:10:13,781 - INFO - Log File created Successfully
2023-08-16 19:10:13,781 - INFO - Data Ingestion Method Starts
2023-08-16 19:10:13,812 - INFO - Extracted Hourly datas from the json file
2023-08-16 19:10:13,828 - INFO - Dataset read as Pandas Dataframe
2023-08-16 19:10:13,859 - INFO - Raw Data Saved as JSON file
2023-08-16 19:10:13,859 - INFO - Train Test Split
2023-08-16 19:10:13,959 - INFO - DataIngestion completed
2023-08-16 19:10:13,982 - INFO - Read train and test data completed
2023-08-16 19:10:13,982 - INFO - Train data head: 
   Unnamed: 0              time  temperature_2m  relativehumidity_2m  precipitation  weathercode  cloudcover  windspeed_10m  winddirection_10m
0           0  2022-01-01T00:00            11.8                 82.0            0.0          0.0        17.0           11.5               51.0
1           1  2022-01-01T01:00            11.6                 83.0            0.0          0.0        13.0           11.5               49.0
2           2  2022-01-01T02:00            11.6                 84.0            0.0          0.0         7.0           11.2               50.0
3           3  2022-01-01T03:00            14.2                 76.0            0.0          0.0         2.0           10.7               45.0
4           4  2022-01-01T04:00            17.1                 66.0            0.0          0.0         1.0            9.6               34.0
2023-08-16 19:10:13,997 - INFO - Test data head: 
   Unnamed: 0              time  temperature_2m  relativehumidity_2m  precipitation  weathercode  cloudcover  windspeed_10m  winddirection_10m
0       11174  2023-04-11T14:00            29.7                 27.0            0.0          0.0        10.0            8.4              320.0
1       11175  2023-04-11T15:00            28.2                 30.0            0.0          0.0         7.0            8.4              313.0
2       11176  2023-04-11T16:00            27.0                 33.0            0.0          0.0         3.0            7.5              325.0
3       11177  2023-04-11T17:00            25.9                 36.0            0.0          0.0         1.0            6.8              335.0
4       11178  2023-04-11T18:00            25.1                 38.0            0.0          0.0         0.0            6.5              341.0
2023-08-16 19:10:14,082 - INFO - Set Timestamp as Index successfully
2023-08-16 19:10:14,098 - INFO - Simple Imputation completed
2023-08-16 19:10:14,098 - INFO - Converted Hourly Datas to Daily Datas
2023-08-16 19:10:14,098 - INFO - Preprocessing Done!! Saved as Pickled File
2023-08-16 19:10:14,098 - INFO - Model Training Started
2023-08-16 19:10:14,133 - INFO - Test RMSE: 3.875
2023-08-16 19:10:51,547 - INFO - Log File created Successfully
2023-08-16 19:10:51,547 - INFO - Data Ingestion Method Starts
2023-08-16 19:10:51,576 - INFO - Extracted Hourly datas from the json file
2023-08-16 19:10:51,598 - INFO - Dataset read as Pandas Dataframe
2023-08-16 19:10:51,629 - INFO - Raw Data Saved as JSON file
2023-08-16 19:10:51,629 - INFO - Train Test Split
2023-08-16 19:10:51,741 - INFO - DataIngestion completed
2023-08-16 19:10:51,761 - INFO - Read train and test data completed
2023-08-16 19:10:51,771 - INFO - Train data head: 
   Unnamed: 0              time  temperature_2m  relativehumidity_2m  precipitation  weathercode  cloudcover  windspeed_10m  winddirection_10m
0           0  2022-01-01T00:00            11.8                 82.0            0.0          0.0        17.0           11.5               51.0
1           1  2022-01-01T01:00            11.6                 83.0            0.0          0.0        13.0           11.5               49.0
2           2  2022-01-01T02:00            11.6                 84.0            0.0          0.0         7.0           11.2               50.0
3           3  2022-01-01T03:00            14.2                 76.0            0.0          0.0         2.0           10.7               45.0
4           4  2022-01-01T04:00            17.1                 66.0            0.0          0.0         1.0            9.6               34.0
2023-08-16 19:10:51,771 - INFO - Test data head: 
   Unnamed: 0              time  temperature_2m  relativehumidity_2m  precipitation  weathercode  cloudcover  windspeed_10m  winddirection_10m
0       11174  2023-04-11T14:00            29.7                 27.0            0.0          0.0        10.0            8.4              320.0
1       11175  2023-04-11T15:00            28.2                 30.0            0.0          0.0         7.0            8.4              313.0
2       11176  2023-04-11T16:00            27.0                 33.0            0.0          0.0         3.0            7.5              325.0
3       11177  2023-04-11T17:00            25.9                 36.0            0.0          0.0         1.0            6.8              335.0
4       11178  2023-04-11T18:00            25.1                 38.0            0.0          0.0         0.0            6.5              341.0
2023-08-16 19:10:51,842 - INFO - Set Timestamp as Index successfully
2023-08-16 19:10:51,851 - INFO - Simple Imputation completed
2023-08-16 19:10:51,863 - INFO - Converted Hourly Datas to Daily Datas
2023-08-16 19:10:51,863 - INFO - Preprocessing Done!! Saved as Pickled File
2023-08-16 19:10:51,863 - INFO - Model Training Started
2023-08-16 19:10:51,894 - INFO - Test RMSE: 3.875
2023-08-16 19:13:14,487 - INFO - Log File created Successfully
2023-08-16 19:13:14,487 - INFO - Data Ingestion Method Starts
2023-08-16 19:13:14,517 - INFO - Extracted Hourly datas from the json file
2023-08-16 19:13:14,537 - INFO - Dataset read as Pandas Dataframe
2023-08-16 19:13:14,576 - INFO - Raw Data Saved as JSON file
2023-08-16 19:13:14,576 - INFO - Train Test Split
2023-08-16 19:13:14,688 - INFO - DataIngestion completed
2023-08-16 19:13:14,711 - INFO - Read train and test data completed
2023-08-16 19:13:14,719 - INFO - Train data head: 
   Unnamed: 0              time  temperature_2m  relativehumidity_2m  precipitation  weathercode  cloudcover  windspeed_10m  winddirection_10m
0           0  2022-01-01T00:00            11.8                 82.0            0.0          0.0        17.0           11.5               51.0
1           1  2022-01-01T01:00            11.6                 83.0            0.0          0.0        13.0           11.5               49.0
2           2  2022-01-01T02:00            11.6                 84.0            0.0          0.0         7.0           11.2               50.0
3           3  2022-01-01T03:00            14.2                 76.0            0.0          0.0         2.0           10.7               45.0
4           4  2022-01-01T04:00            17.1                 66.0            0.0          0.0         1.0            9.6               34.0
2023-08-16 19:13:14,721 - INFO - Test data head: 
   Unnamed: 0              time  temperature_2m  relativehumidity_2m  precipitation  weathercode  cloudcover  windspeed_10m  winddirection_10m
0       11174  2023-04-11T14:00            29.7                 27.0            0.0          0.0        10.0            8.4              320.0
1       11175  2023-04-11T15:00            28.2                 30.0            0.0          0.0         7.0            8.4              313.0
2       11176  2023-04-11T16:00            27.0                 33.0            0.0          0.0         3.0            7.5              325.0
3       11177  2023-04-11T17:00            25.9                 36.0            0.0          0.0         1.0            6.8              335.0
4       11178  2023-04-11T18:00            25.1                 38.0            0.0          0.0         0.0            6.5              341.0
2023-08-16 19:13:14,792 - INFO - Set Timestamp as Index successfully
2023-08-16 19:13:14,802 - INFO - Simple Imputation completed
2023-08-16 19:13:14,813 - INFO - Converted Hourly Datas to Daily Datas
2023-08-16 19:13:14,813 - INFO - Preprocessing Done!! Saved as Pickled File
2023-08-16 19:13:14,813 - INFO - Model Training Started
2023-08-16 19:13:14,849 - INFO - Test RMSE: 3.875
2023-08-17 00:15:52,361 - INFO - Log File created Successfully
2023-08-17 00:15:52,362 - INFO - Data Ingestion Method Starts
2023-08-17 00:15:52,411 - INFO - Extracted Hourly datas from the json file
2023-08-17 00:15:52,427 - INFO - Dataset read as Pandas Dataframe
2023-08-17 00:15:52,455 - INFO - Raw Data Saved as JSON file
2023-08-17 00:15:52,456 - INFO - Train Test Split
2023-08-17 00:15:52,546 - INFO - DataIngestion completed
2023-08-17 00:15:52,567 - INFO - Read train and test data completed
2023-08-17 00:15:52,578 - INFO - Train data head: 
   Unnamed: 0              time  temperature_2m  relativehumidity_2m  precipitation  weathercode  cloudcover  windspeed_10m  winddirection_10m
0           0  2022-01-01T00:00            11.8                 82.0            0.0          0.0        17.0           11.5               51.0
1           1  2022-01-01T01:00            11.6                 83.0            0.0          0.0        13.0           11.5               49.0
2           2  2022-01-01T02:00            11.6                 84.0            0.0          0.0         7.0           11.2               50.0
3           3  2022-01-01T03:00            14.2                 76.0            0.0          0.0         2.0           10.7               45.0
4           4  2022-01-01T04:00            17.1                 66.0            0.0          0.0         1.0            9.6               34.0
2023-08-17 00:15:52,594 - INFO - Test data head: 
   Unnamed: 0              time  temperature_2m  relativehumidity_2m  precipitation  weathercode  cloudcover  windspeed_10m  winddirection_10m
0       11174  2023-04-11T14:00            29.7                 27.0            0.0          0.0        10.0            8.4              320.0
1       11175  2023-04-11T15:00            28.2                 30.0            0.0          0.0         7.0            8.4              313.0
2       11176  2023-04-11T16:00            27.0                 33.0            0.0          0.0         3.0            7.5              325.0
3       11177  2023-04-11T17:00            25.9                 36.0            0.0          0.0         1.0            6.8              335.0
4       11178  2023-04-11T18:00            25.1                 38.0            0.0          0.0         0.0            6.5              341.0
2023-08-17 00:15:52,661 - INFO - Set Timestamp as Index successfully
2023-08-17 00:15:52,678 - INFO - Simple Imputation completed
2023-08-17 00:15:52,696 - INFO - Converted Hourly Datas to Daily Datas
2023-08-17 00:15:52,696 - INFO - Preprocessing Done!! Saved as Pickled File
2023-08-17 00:15:52,696 - INFO - Model Training Started
2023-08-17 00:15:52,780 - INFO - Test RMSE: 3.875
2023-08-17 00:17:52,631 - INFO - Log File created Successfully
2023-08-17 00:17:52,631 - INFO - Data Ingestion Method Starts
2023-08-17 00:17:52,657 - INFO - Extracted Hourly datas from the json file
2023-08-17 00:17:52,690 - INFO - Dataset read as Pandas Dataframe
2023-08-17 00:17:52,727 - INFO - Raw Data Saved as JSON file
2023-08-17 00:17:52,727 - INFO - Train Test Split
2023-08-17 00:17:52,857 - INFO - DataIngestion completed
2023-08-17 00:17:52,890 - INFO - Read train and test data completed
2023-08-17 00:17:52,890 - INFO - Train data head: 
   Unnamed: 0              time  temperature_2m  relativehumidity_2m  precipitation  weathercode  cloudcover  windspeed_10m  winddirection_10m
0           0  2022-01-01T00:00            11.8                 82.0            0.0          0.0        17.0           11.5               51.0
1           1  2022-01-01T01:00            11.6                 83.0            0.0          0.0        13.0           11.5               49.0
2           2  2022-01-01T02:00            11.6                 84.0            0.0          0.0         7.0           11.2               50.0
3           3  2022-01-01T03:00            14.2                 76.0            0.0          0.0         2.0           10.7               45.0
4           4  2022-01-01T04:00            17.1                 66.0            0.0          0.0         1.0            9.6               34.0
2023-08-17 00:17:52,890 - INFO - Test data head: 
   Unnamed: 0              time  temperature_2m  relativehumidity_2m  precipitation  weathercode  cloudcover  windspeed_10m  winddirection_10m
0       11174  2023-04-11T14:00            29.7                 27.0            0.0          0.0        10.0            8.4              320.0
1       11175  2023-04-11T15:00            28.2                 30.0            0.0          0.0         7.0            8.4              313.0
2       11176  2023-04-11T16:00            27.0                 33.0            0.0          0.0         3.0            7.5              325.0
3       11177  2023-04-11T17:00            25.9                 36.0            0.0          0.0         1.0            6.8              335.0
4       11178  2023-04-11T18:00            25.1                 38.0            0.0          0.0         0.0            6.5              341.0
2023-08-17 00:17:52,956 - INFO - Set Timestamp as Index successfully
2023-08-17 00:17:52,956 - INFO - Simple Imputation completed
2023-08-17 00:17:52,972 - INFO - Converted Hourly Datas to Daily Datas
2023-08-17 00:17:52,980 - INFO - Preprocessing Done!! Saved as Pickled File
2023-08-17 00:17:52,980 - INFO - Model Training Started
2023-08-17 00:17:53,005 - INFO - Test RMSE: 3.875
2023-08-17 00:23:18,857 - INFO - Log File created Successfully
2023-08-17 00:23:18,857 - INFO - Data Ingestion Method Starts
2023-08-17 00:23:18,877 - INFO - Extracted Hourly datas from the json file
2023-08-17 00:23:18,905 - INFO - Dataset read as Pandas Dataframe
2023-08-17 00:23:18,943 - INFO - Raw Data Saved as JSON file
2023-08-17 00:23:18,943 - INFO - Train Test Split
2023-08-17 00:23:19,023 - INFO - DataIngestion completed
2023-08-17 00:23:19,056 - INFO - Read train and test data completed
2023-08-17 00:23:19,056 - INFO - Train data head: 
   Unnamed: 0              time  temperature_2m  relativehumidity_2m  precipitation  weathercode  cloudcover  windspeed_10m  winddirection_10m
0           0  2022-01-01T00:00            11.8                 82.0            0.0          0.0        17.0           11.5               51.0
1           1  2022-01-01T01:00            11.6                 83.0            0.0          0.0        13.0           11.5               49.0
2           2  2022-01-01T02:00            11.6                 84.0            0.0          0.0         7.0           11.2               50.0
3           3  2022-01-01T03:00            14.2                 76.0            0.0          0.0         2.0           10.7               45.0
4           4  2022-01-01T04:00            17.1                 66.0            0.0          0.0         1.0            9.6               34.0
2023-08-17 00:23:19,056 - INFO - Test data head: 
   Unnamed: 0              time  temperature_2m  relativehumidity_2m  precipitation  weathercode  cloudcover  windspeed_10m  winddirection_10m
0       11174  2023-04-11T14:00            29.7                 27.0            0.0          0.0        10.0            8.4              320.0
1       11175  2023-04-11T15:00            28.2                 30.0            0.0          0.0         7.0            8.4              313.0
2       11176  2023-04-11T16:00            27.0                 33.0            0.0          0.0         3.0            7.5              325.0
3       11177  2023-04-11T17:00            25.9                 36.0            0.0          0.0         1.0            6.8              335.0
4       11178  2023-04-11T18:00            25.1                 38.0            0.0          0.0         0.0            6.5              341.0
2023-08-17 00:23:19,157 - INFO - Set Timestamp as Index successfully
2023-08-17 00:23:19,164 - INFO - Simple Imputation completed
2023-08-17 00:23:19,173 - INFO - Converted Hourly Datas to Daily Datas
2023-08-17 00:23:19,178 - INFO - Preprocessing Done!! Saved as Pickled File
2023-08-17 00:23:19,178 - INFO - Model Training Started
2023-08-17 00:23:19,201 - INFO - Test RMSE: 3.875
2023-08-17 00:23:19,202 - INFO - Error occurred at Model Trainer stage
2023-08-17 00:24:17,123 - INFO - Log File created Successfully
2023-08-17 00:24:17,123 - INFO - Data Ingestion Method Starts
2023-08-17 00:24:17,153 - INFO - Extracted Hourly datas from the json file
2023-08-17 00:24:17,172 - INFO - Dataset read as Pandas Dataframe
2023-08-17 00:24:17,201 - INFO - Raw Data Saved as JSON file
2023-08-17 00:24:17,201 - INFO - Train Test Split
2023-08-17 00:24:17,308 - INFO - DataIngestion completed
2023-08-17 00:24:17,321 - INFO - Read train and test data completed
2023-08-17 00:24:17,336 - INFO - Train data head: 
   Unnamed: 0              time  temperature_2m  relativehumidity_2m  precipitation  weathercode  cloudcover  windspeed_10m  winddirection_10m
0           0  2022-01-01T00:00            11.8                 82.0            0.0          0.0        17.0           11.5               51.0
1           1  2022-01-01T01:00            11.6                 83.0            0.0          0.0        13.0           11.5               49.0
2           2  2022-01-01T02:00            11.6                 84.0            0.0          0.0         7.0           11.2               50.0
3           3  2022-01-01T03:00            14.2                 76.0            0.0          0.0         2.0           10.7               45.0
4           4  2022-01-01T04:00            17.1                 66.0            0.0          0.0         1.0            9.6               34.0
2023-08-17 00:24:17,338 - INFO - Test data head: 
   Unnamed: 0              time  temperature_2m  relativehumidity_2m  precipitation  weathercode  cloudcover  windspeed_10m  winddirection_10m
0       11174  2023-04-11T14:00            29.7                 27.0            0.0          0.0        10.0            8.4              320.0
1       11175  2023-04-11T15:00            28.2                 30.0            0.0          0.0         7.0            8.4              313.0
2       11176  2023-04-11T16:00            27.0                 33.0            0.0          0.0         3.0            7.5              325.0
3       11177  2023-04-11T17:00            25.9                 36.0            0.0          0.0         1.0            6.8              335.0
4       11178  2023-04-11T18:00            25.1                 38.0            0.0          0.0         0.0            6.5              341.0
2023-08-17 00:24:17,406 - INFO - Set Timestamp as Index successfully
2023-08-17 00:24:17,414 - INFO - Simple Imputation completed
2023-08-17 00:24:17,421 - INFO - Converted Hourly Datas to Daily Datas
2023-08-17 00:24:17,421 - INFO - Preprocessing Done!! Saved as Pickled File
2023-08-17 00:24:17,421 - INFO - Model Training Started
2023-08-17 00:24:17,450 - INFO - Test RMSE: 3.875
2023-08-17 00:48:08,996 - INFO - Log File created Successfully
2023-08-17 00:48:08,996 - INFO - Error Occured at custom data
2023-08-17 00:52:09,516 - INFO - Log File created Successfully
2023-08-17 00:52:09,516 - INFO - Error Occured at custom data
2023-08-17 00:52:29,314 - INFO - Log File created Successfully
2023-08-17 00:52:29,314 - INFO - Dataframe gathered
2023-08-17 00:52:29,314 - INFO - Error Occured at Predict Pipeline
2023-08-17 01:07:13,962 - INFO - Log File created Successfully
2023-08-17 01:07:13,962 - INFO - Dataframe gathered
2023-08-17 01:07:13,962 - INFO - Error Occured at Predict Pipeline
2023-08-17 01:08:17,408 - INFO - Log File created Successfully
2023-08-17 01:08:17,408 - INFO - Dataframe gathered
2023-08-17 01:08:17,408 - INFO - Error Occured at Predict Pipeline
2023-08-17 01:10:21,620 - INFO - Log File created Successfully
2023-08-17 01:10:21,636 - INFO - Error Occurred at Predict Pipeline
2023-08-17 01:13:28,626 - INFO - Log File created Successfully
2023-08-17 01:13:28,626 - INFO - Error Occurred at Predict Pipeline
2023-08-17 01:16:14,661 - INFO - Log File created Successfully
